<?xml version="1.0" encoding="UTF-8"?>
<!-- Generated by org.testng.reporters.JUnitReportReporter -->
<testsuite hostname="Amol-PC" failures="0" tests="3" name="testng_group.test2" time="0.714" errors="0" timestamp="2021-11-02T14:05:38 IST" skipped="0">
  <testcase classname="testng_group.test2" name="test13" time="0.005"/>
  <system-out/>
  <testcase classname="testng_group.test2" name="test11" time="0.694"/>
  <system-out/>
  <testcase classname="testng_group.test2" name="test14" time="0.015"/>
  <system-out/>
</testsuite> <!-- testng_group.test2 -->
