<?xml version="1.0" encoding="UTF-8"?>
<!-- Generated by org.testng.reporters.JUnitReportReporter -->
<testsuite hostname="Amol-PC" failures="0" tests="1" name="testng_group.assertt" time="0.061" errors="0" timestamp="2021-11-02T14:50:35 IST" skipped="0">
  <testcase classname="testng_group.assertt" name="demo2" time="0.061"/>
  <system-out/>
</testsuite> <!-- testng_group.assertt -->
