<?xml version="1.0" encoding="UTF-8"?>
<!-- Generated by org.testng.reporters.JUnitReportReporter -->
<testsuite hostname="Amol-PC" failures="0" tests="2" name="TestPackage.TestClass2" time="57.676" errors="0" timestamp="2021-10-31T19:11:43 IST" skipped="0">
  <testcase classname="TestPackage.TestClass2" name="test11" time="35.110"/>
  <system-out/>
  <testcase classname="TestPackage.TestClass2" name="test12" time="22.566"/>
  <system-out/>
</testsuite> <!-- TestPackage.TestClass2 -->
