<?xml version="1.0" encoding="UTF-8"?>
<!-- Generated by org.testng.reporters.JUnitReportReporter -->
<testsuite hostname="Amol-PC" failures="0" tests="3" name="testng_group.test1" time="0.026" errors="0" timestamp="2021-11-02T14:05:39 IST" skipped="0">
  <testcase classname="testng_group.test1" name="test4" time="0.009"/>
  <system-out/>
  <testcase classname="testng_group.test1" name="test3" time="0.008"/>
  <system-out/>
  <testcase classname="testng_group.test1" name="test1" time="0.009"/>
  <system-out/>
</testsuite> <!-- testng_group.test1 -->
