<?xml version="1.0" encoding="UTF-8"?>
<!-- Generated by org.testng.reporters.JUnitReportReporter -->
<testsuite hostname="Amol-PC" failures="0" tests="1" name="BasePackage.aa" time="0.029" errors="0" timestamp="2021-10-31T19:32:01 IST" skipped="0">
  <testcase classname="BasePackage.aa" name="demo" time="0.029"/>
  <system-out/>
</testsuite> <!-- BasePackage.aa -->
