<?xml version="1.0" encoding="UTF-8"?>
<!-- Generated by org.testng.reporters.JUnitReportReporter -->
<testsuite hostname="Amol-PC" failures="0" tests="1" name="TestPackage.testClass3" time="0.029" errors="0" timestamp="2021-10-31T18:30:27 IST" skipped="0">
  <testcase classname="TestPackage.testClass3" name="demo" time="0.029"/>
  <system-out/>
</testsuite> <!-- TestPackage.testClass3 -->
